<?xml version="1.0" encoding="UTF-8"?>
<robot generator="Robot 4.0.3 (Python 3.9.4 on win32)" generated="20210608 20:22:58.447" rpa="false" schemaversion="2">
<suite id="s1" name="Test" source="C:\Users\lock\PycharmProjects\GoToTheMoon\script\test.robot">
<kw name="Common - Open Browser" library="common" type="SETUP">
<kw name="Open Browser" library="SeleniumLibrary">
<arg>${URL}</arg>
<arg>${browser_chrome}</arg>
<doc>Opens a new browser instance to the optional ``url``.</doc>
<msg timestamp="20210608 20:22:58.705" level="INFO">Opening browser 'Chrome' to base url 'https://www.bestprice.vn/'.</msg>
<status status="PASS" starttime="20210608 20:22:58.705" endtime="20210608 20:23:05.523"/>
</kw>
<kw name="Maximize Browser Window" library="SeleniumLibrary">
<doc>Maximizes current browser window.</doc>
<status status="PASS" starttime="20210608 20:23:05.523" endtime="20210608 20:23:05.644"/>
</kw>
<status status="PASS" starttime="20210608 20:22:58.704" endtime="20210608 20:23:05.644"/>
</kw>
<test id="s1-t1" name="TC1">
<kw name="Search - Choose From" library="search">
<kw name="Common - Click Element" library="common">
<arg>${btn_from}</arg>
<kw name="Wait Until Keyword Succeeds" library="BuiltIn">
<arg>10s</arg>
<arg>2s</arg>
<arg>Element Should Be Visible</arg>
<arg>${element_lct}</arg>
<doc>Runs the specified keyword and retries if it fails.</doc>
<kw name="Element Should Be Visible" library="SeleniumLibrary">
<arg>${element_lct}</arg>
<doc>Verifies that the element identified by ``locator`` is visible.</doc>
<msg timestamp="20210608 20:23:05.675" level="INFO">Element 'name=From' is displayed.</msg>
<status status="PASS" starttime="20210608 20:23:05.647" endtime="20210608 20:23:05.675"/>
</kw>
<status status="PASS" starttime="20210608 20:23:05.646" endtime="20210608 20:23:05.675"/>
</kw>
<kw name="Click Element" library="SeleniumLibrary">
<arg>${element_lct}</arg>
<doc>Click the element identified by ``locator``.</doc>
<msg timestamp="20210608 20:23:05.676" level="INFO">Clicking element 'name=From'.</msg>
<status status="PASS" starttime="20210608 20:23:05.675" endtime="20210608 20:23:05.789"/>
</kw>
<status status="PASS" starttime="20210608 20:23:05.646" endtime="20210608 20:23:05.789"/>
</kw>
<status status="PASS" starttime="20210608 20:23:05.645" endtime="20210608 20:23:05.790"/>
</kw>
<kw name="Search - Input" library="search">
<arg>${inp_from}</arg>
<arg>Han</arg>
<kw name="Wait Until Keyword Succeeds" library="BuiltIn">
<arg>10s</arg>
<arg>1s</arg>
<arg>ELEMENT SHOULD BE VISIBLE</arg>
<arg>${element_lct}</arg>
<doc>Runs the specified keyword and retries if it fails.</doc>
<kw name="Element Should Be Visible" library="SeleniumLibrary">
<arg>${element_lct}</arg>
<doc>Verifies that the element identified by ``locator`` is visible.</doc>
<msg timestamp="20210608 20:23:05.886" level="INFO">Element '//*[@id="tab_search_flight"]//child::input[@data-id='flight_from' and @dir]' is displayed.</msg>
<status status="PASS" starttime="20210608 20:23:05.792" endtime="20210608 20:23:05.886"/>
</kw>
<status status="PASS" starttime="20210608 20:23:05.792" endtime="20210608 20:23:05.886"/>
</kw>
<kw name="Input Text" library="SeleniumLibrary">
<arg>${element_lct}</arg>
<arg>${txt}</arg>
<doc>Types the given ``text`` into the text field identified by ``locator``.</doc>
<msg timestamp="20210608 20:23:05.887" level="INFO">Typing text 'Han' into text field '//*[@id="tab_search_flight"]//child::input[@data-id='flight_from' and @dir]'.</msg>
<status status="PASS" starttime="20210608 20:23:05.886" endtime="20210608 20:23:06.035"/>
</kw>
<status status="PASS" starttime="20210608 20:23:05.791" endtime="20210608 20:23:06.035"/>
</kw>
<kw name="Common - Click Element" library="common">
<arg>${select_from}</arg>
<kw name="Wait Until Keyword Succeeds" library="BuiltIn">
<arg>10s</arg>
<arg>2s</arg>
<arg>Element Should Be Visible</arg>
<arg>${element_lct}</arg>
<doc>Runs the specified keyword and retries if it fails.</doc>
<kw name="Element Should Be Visible" library="SeleniumLibrary">
<arg>${element_lct}</arg>
<doc>Verifies that the element identified by ``locator`` is visible.</doc>
<kw name="Capture Page Screenshot" library="SeleniumLibrary">
<doc>Takes a screenshot of the current page and embeds it into a log file.</doc>
<msg timestamp="20210608 20:23:06.610" level="INFO" html="true">&lt;/td&gt;&lt;/tr&gt;&lt;tr&gt;&lt;td colspan="3"&gt;&lt;a href="selenium-screenshot-174.png"&gt;&lt;img src="selenium-screenshot-174.png" width="800px"&gt;&lt;/a&gt;</msg>
<status status="PASS" starttime="20210608 20:23:06.051" endtime="20210608 20:23:06.610"/>
</kw>
<msg timestamp="20210608 20:23:06.654" level="FAIL">Element with locator '//div[@id='tab_search_flight']/div/form/div/div/div/div[2]/div/div[2]/span/span[2]/div/span[2]/div/p/strong/strong' not found.</msg>
<status status="FAIL" starttime="20210608 20:23:06.037" endtime="20210608 20:23:06.654"/>
</kw>
<kw name="Element Should Be Visible" library="SeleniumLibrary">
<arg>${element_lct}</arg>
<doc>Verifies that the element identified by ``locator`` is visible.</doc>
<msg timestamp="20210608 20:23:08.677" level="INFO">Element '//div[@id='tab_search_flight']/div/form/div/div/div/div[2]/div/div[2]/span/span[2]/div/span[2]/div/p/strong/strong' is displayed.</msg>
<status status="PASS" starttime="20210608 20:23:08.654" endtime="20210608 20:23:08.677"/>
</kw>
<status status="PASS" starttime="20210608 20:23:06.036" endtime="20210608 20:23:08.677"/>
</kw>
<kw name="Click Element" library="SeleniumLibrary">
<arg>${element_lct}</arg>
<doc>Click the element identified by ``locator``.</doc>
<msg timestamp="20210608 20:23:08.677" level="INFO">Clicking element '//div[@id='tab_search_flight']/div/form/div/div/div/div[2]/div/div[2]/span/span[2]/div/span[2]/div/p/strong/strong'.</msg>
<status status="PASS" starttime="20210608 20:23:08.677" endtime="20210608 20:23:08.754"/>
</kw>
<status status="PASS" starttime="20210608 20:23:06.035" endtime="20210608 20:23:08.754"/>
</kw>
<kw name="Search - Choose To" library="search">
<kw name="Common - Click Element" library="common">
<arg>${btn_to}</arg>
<kw name="Wait Until Keyword Succeeds" library="BuiltIn">
<arg>10s</arg>
<arg>2s</arg>
<arg>Element Should Be Visible</arg>
<arg>${element_lct}</arg>
<doc>Runs the specified keyword and retries if it fails.</doc>
<kw name="Element Should Be Visible" library="SeleniumLibrary">
<arg>${element_lct}</arg>
<doc>Verifies that the element identified by ``locator`` is visible.</doc>
<msg timestamp="20210608 20:23:08.777" level="INFO">Element 'name=To' is displayed.</msg>
<status status="PASS" starttime="20210608 20:23:08.756" endtime="20210608 20:23:08.777"/>
</kw>
<status status="PASS" starttime="20210608 20:23:08.755" endtime="20210608 20:23:08.777"/>
</kw>
<kw name="Click Element" library="SeleniumLibrary">
<arg>${element_lct}</arg>
<doc>Click the element identified by ``locator``.</doc>
<msg timestamp="20210608 20:23:08.777" level="INFO">Clicking element 'name=To'.</msg>
<status status="PASS" starttime="20210608 20:23:08.777" endtime="20210608 20:23:08.841"/>
</kw>
<status status="PASS" starttime="20210608 20:23:08.755" endtime="20210608 20:23:08.841"/>
</kw>
<status status="PASS" starttime="20210608 20:23:08.755" endtime="20210608 20:23:08.842"/>
</kw>
<kw name="Search - Input" library="search">
<arg>${inp_to}</arg>
<arg>Ho c</arg>
<kw name="Wait Until Keyword Succeeds" library="BuiltIn">
<arg>10s</arg>
<arg>1s</arg>
<arg>ELEMENT SHOULD BE VISIBLE</arg>
<arg>${element_lct}</arg>
<doc>Runs the specified keyword and retries if it fails.</doc>
<kw name="Element Should Be Visible" library="SeleniumLibrary">
<arg>${element_lct}</arg>
<doc>Verifies that the element identified by ``locator`` is visible.</doc>
<msg timestamp="20210608 20:23:08.873" level="INFO">Element '//*[@id="tab_search_flight"]//child::input[@data-id='flight_to' and @dir]' is displayed.</msg>
<status status="PASS" starttime="20210608 20:23:08.843" endtime="20210608 20:23:08.873"/>
</kw>
<status status="PASS" starttime="20210608 20:23:08.843" endtime="20210608 20:23:08.873"/>
</kw>
<kw name="Input Text" library="SeleniumLibrary">
<arg>${element_lct}</arg>
<arg>${txt}</arg>
<doc>Types the given ``text`` into the text field identified by ``locator``.</doc>
<msg timestamp="20210608 20:23:08.874" level="INFO">Typing text 'Ho c' into text field '//*[@id="tab_search_flight"]//child::input[@data-id='flight_to' and @dir]'.</msg>
<status status="PASS" starttime="20210608 20:23:08.873" endtime="20210608 20:23:08.962"/>
</kw>
<status status="PASS" starttime="20210608 20:23:08.842" endtime="20210608 20:23:08.963"/>
</kw>
<kw name="Common - Click Element" library="common">
<arg>${select_to}</arg>
<kw name="Wait Until Keyword Succeeds" library="BuiltIn">
<arg>10s</arg>
<arg>2s</arg>
<arg>Element Should Be Visible</arg>
<arg>${element_lct}</arg>
<doc>Runs the specified keyword and retries if it fails.</doc>
<kw name="Element Should Be Visible" library="SeleniumLibrary">
<arg>${element_lct}</arg>
<doc>Verifies that the element identified by ``locator`` is visible.</doc>
<kw name="Capture Page Screenshot" library="SeleniumLibrary">
<doc>Takes a screenshot of the current page and embeds it into a log file.</doc>
<msg timestamp="20210608 20:23:09.263" level="INFO" html="true">&lt;/td&gt;&lt;/tr&gt;&lt;tr&gt;&lt;td colspan="3"&gt;&lt;a href="selenium-screenshot-175.png"&gt;&lt;img src="selenium-screenshot-175.png" width="800px"&gt;&lt;/a&gt;</msg>
<status status="PASS" starttime="20210608 20:23:08.979" endtime="20210608 20:23:09.263"/>
</kw>
<msg timestamp="20210608 20:23:09.264" level="FAIL">Element with locator '//div[@id='tab_search_flight']/div/form/div/div[2]/div/div[2]/div/div[2]/span/span[2]/div/span[2]/div[2]/p' not found.</msg>
<status status="FAIL" starttime="20210608 20:23:08.964" endtime="20210608 20:23:09.264"/>
</kw>
<kw name="Element Should Be Visible" library="SeleniumLibrary">
<arg>${element_lct}</arg>
<doc>Verifies that the element identified by ``locator`` is visible.</doc>
<msg timestamp="20210608 20:23:11.293" level="INFO">Element '//div[@id='tab_search_flight']/div/form/div/div[2]/div/div[2]/div/div[2]/span/span[2]/div/span[2]/div[2]/p' is displayed.</msg>
<status status="PASS" starttime="20210608 20:23:11.274" endtime="20210608 20:23:11.293"/>
</kw>
<status status="PASS" starttime="20210608 20:23:08.964" endtime="20210608 20:23:11.293"/>
</kw>
<kw name="Click Element" library="SeleniumLibrary">
<arg>${element_lct}</arg>
<doc>Click the element identified by ``locator``.</doc>
<msg timestamp="20210608 20:23:11.293" level="INFO">Clicking element '//div[@id='tab_search_flight']/div/form/div/div[2]/div/div[2]/div/div[2]/span/span[2]/div/span[2]/div[2]/p'.</msg>
<kw name="Capture Page Screenshot" library="SeleniumLibrary">
<doc>Takes a screenshot of the current page and embeds it into a log file.</doc>
<msg timestamp="20210608 20:23:11.618" level="INFO" html="true">&lt;/td&gt;&lt;/tr&gt;&lt;tr&gt;&lt;td colspan="3"&gt;&lt;a href="selenium-screenshot-176.png"&gt;&lt;img src="selenium-screenshot-176.png" width="800px"&gt;&lt;/a&gt;</msg>
<status status="PASS" starttime="20210608 20:23:11.402" endtime="20210608 20:23:11.618"/>
</kw>
<msg timestamp="20210608 20:23:11.631" level="FAIL">StaleElementReferenceException: Message: stale element reference: element is not attached to the page document
  (Session info: chrome=91.0.4472.77)
</msg>
<status status="FAIL" starttime="20210608 20:23:11.293" endtime="20210608 20:23:11.631"/>
</kw>
<status status="FAIL" starttime="20210608 20:23:08.963" endtime="20210608 20:23:11.631"/>
</kw>
<kw name="Common - Click Element" library="common">
<arg>${close_popup}</arg>
<status status="NOT RUN" starttime="20210608 20:23:11.632" endtime="20210608 20:23:11.632"/>
</kw>
<kw name="Search - choose date go" library="search">
<status status="NOT RUN" starttime="20210608 20:23:11.632" endtime="20210608 20:23:11.633"/>
</kw>
<kw name="Common - Click Element" library="common">
<arg>${select_date_go}</arg>
<status status="NOT RUN" starttime="20210608 20:23:11.633" endtime="20210608 20:23:11.633"/>
</kw>
<kw name="Search - choose date back" library="search">
<status status="NOT RUN" starttime="20210608 20:23:11.634" endtime="20210608 20:23:11.634"/>
</kw>
<kw name="Common - Click Element" library="common">
<arg>${select_date_back}</arg>
<status status="NOT RUN" starttime="20210608 20:23:11.635" endtime="20210608 20:23:11.635"/>
</kw>
<kw name="Search - choose ticket" library="search">
<status status="NOT RUN" starttime="20210608 20:23:11.635" endtime="20210608 20:23:11.635"/>
</kw>
<kw name="Common - Click Element" library="common">
<arg>${add_child_ticket}</arg>
<status status="NOT RUN" starttime="20210608 20:23:11.636" endtime="20210608 20:23:11.636"/>
</kw>
<kw name="Search - choose ticket" library="search">
<status status="NOT RUN" starttime="20210608 20:23:11.636" endtime="20210608 20:23:11.636"/>
</kw>
<kw name="Common - Click Element" library="common">
<arg>${btn_search}</arg>
<status status="NOT RUN" starttime="20210608 20:23:11.636" endtime="20210608 20:23:11.636"/>
</kw>
<kw name="Close Browser" library="SeleniumLibrary" type="TEARDOWN">
<doc>Closes the current browser.</doc>
<status status="PASS" starttime="20210608 20:23:11.636" endtime="20210608 20:23:13.879"/>
</kw>
<status status="FAIL" starttime="20210608 20:23:05.645" endtime="20210608 20:23:13.879">StaleElementReferenceException: Message: stale element reference: element is not attached to the page document
  (Session info: chrome=91.0.4472.77)
</status>
</test>
<status status="FAIL" starttime="20210608 20:22:58.449" endtime="20210608 20:23:13.881"/>
</suite>
<statistics>
<total>
<stat pass="0" fail="1" skip="0">All Tests</stat>
</total>
<tag>
</tag>
<suite>
<stat pass="0" fail="1" skip="0" id="s1" name="Test">Test</stat>
</suite>
</statistics>
<errors>
</errors>
</robot>
